mode: atomic
kujira/app/app.go:128.59,143.2 3 0
kujira/app/app.go:208.13,210.16 2 1
kujira/app/app.go:214.2,214.56 1 1
kujira/app/app.go:210.16,211.13 1 0
kujira/app/app.go:286.17,451.16 52 0
kujira/app/app.go:456.2,659.16 23 0
kujira/app/app.go:663.2,669.54 3 0
kujira/app/app.go:678.2,678.16 1 0
kujira/app/app.go:684.2,693.12 7 0
kujira/app/app.go:451.16,452.65 1 0
kujira/app/app.go:659.16,660.13 1 0
kujira/app/app.go:669.54,673.17 2 0
kujira/app/app.go:673.17,674.71 1 0
kujira/app/app.go:678.16,679.49 1 0
kujira/app/app.go:679.49,681.4 1 0
kujira/app/app.go:697.31,697.60 1 0
kujira/app/app.go:700.46,700.68 1 0
kujira/app/app.go:703.99,705.2 1 0
kujira/app/app.go:708.93,710.2 1 0
kujira/app/app.go:713.96,715.75 2 0
kujira/app/app.go:718.2,719.60 2 0
kujira/app/app.go:715.75,716.13 1 0
kujira/app/app.go:723.48,725.2 1 0
kujira/app/app.go:728.54,730.29 2 0
kujira/app/app.go:734.2,734.20 1 0
kujira/app/app.go:730.29,732.3 1 0
kujira/app/app.go:741.50,743.2 1 0
kujira/app/app.go:749.40,751.2 1 0
kujira/app/app.go:754.61,756.2 1 0
kujira/app/app.go:761.57,763.2 1 0
kujira/app/app.go:768.65,770.2 1 0
kujira/app/app.go:775.64,777.2 1 0
kujira/app/app.go:782.69,785.2 2 0
kujira/app/app.go:789.83,806.2 9 0
kujira/app/app.go:809.61,811.2 1 0
kujira/app/app.go:814.69,816.2 1 0
kujira/app/app.go:819.41,821.30 2 0
kujira/app/app.go:824.2,824.21 1 0
kujira/app/app.go:821.30,823.3 1 0
kujira/app/app.go:828.127,847.2 15 0
kujira/app/app.go:850.63,852.2 1 0
kujira/app/export.go:20.36,28.19 3 0
kujira/app/export.go:33.2,35.16 3 0
kujira/app/export.go:39.2,40.16 2 0
kujira/app/export.go:43.2,48.8 1 0
kujira/app/export.go:28.19,31.3 2 0
kujira/app/export.go:35.16,37.3 1 0
kujira/app/export.go:40.16,42.3 1 0
kujira/app/export.go:54.86,58.31 2 0
kujira/app/export.go:62.2,64.40 2 0
kujira/app/export.go:73.2,78.98 2 0
kujira/app/export.go:87.2,88.34 2 0
kujira/app/export.go:96.2,106.98 5 0
kujira/app/export.go:118.2,118.27 1 0
kujira/app/export.go:124.2,129.103 2 0
kujira/app/export.go:138.2,138.117 1 0
kujira/app/export.go:148.2,152.34 4 0
kujira/app/export.go:168.2,170.84 2 0
kujira/app/export.go:177.2,179.83 1 0
kujira/app/export.go:58.31,60.3 1 0
kujira/app/export.go:64.40,66.17 2 0
kujira/app/export.go:69.3,69.31 1 0
kujira/app/export.go:66.17,68.4 1 0
kujira/app/export.go:78.98,80.17 2 0
kujira/app/export.go:83.3,83.15 1 0
kujira/app/export.go:80.17,81.14 1 0
kujira/app/export.go:88.34,90.17 2 0
kujira/app/export.go:90.17,91.14 1 0
kujira/app/export.go:106.98,115.3 6 0
kujira/app/export.go:118.27,121.3 2 0
kujira/app/export.go:129.103,130.30 1 0
kujira/app/export.go:133.3,134.15 2 0
kujira/app/export.go:130.30,132.4 1 0
kujira/app/export.go:138.117,139.30 1 0
kujira/app/export.go:142.3,143.15 2 0
kujira/app/export.go:139.30,141.4 1 0
kujira/app/export.go:152.34,155.13 3 0
kujira/app/export.go:159.3,160.59 2 0
kujira/app/export.go:164.3,165.12 2 0
kujira/app/export.go:155.13,156.42 1 0
kujira/app/export.go:160.59,162.4 1 0
kujira/app/export.go:170.84,171.13 1 0
kujira/app/export.go:179.83,183.4 3 0
kujira/app/genesis.go:19.63,21.2 1 0
